SPUAssembly v2.2.1r squareroots.spus -> sr.spub
26    ->    28 | 3   | in <rax>                  |  2  2  0 
29    ->    31 | 3   | in <rbx>                  |  2  2  1 
32    ->    34 | 3   | in <rcx>                  |  2  2  2 
35    ->    37 | 3   | push <rbx>                |  0  2  1 
38    ->    47 | 10  | push <2>                  |  0  1  0  0  0  0  0  0  0 40 
48    ->    48 | 1   | pow                       |  c 
49    ->    58 | 10  | push <4>                  |  0  1  0  0  0  0  0  0 10 40 
59    ->    61 | 3   | push <rax>                |  0  2  0 
62    ->    62 | 1   | mul                       |  7 
63    ->    65 | 3   | push <rcx>                |  0  2  2 
66    ->    66 | 1   | mul                       |  7 
67    ->    67 | 1   | sub                       |  6 
68    ->    70 | 3   | pop <rdx>                 |  1  2  3 
71    ->    71 | 1   | clear                     |  4 
72    ->    81 | 10  | push <-1>                 |  0  1  0  0  0  0  0  0 f0 bf 
82    ->    84 | 3   | push <rbx>                |  0  2  1 
85    ->    85 | 1   | mul                       |  7 
86    ->    88 | 3   | push <rdx>                |  0  2  3 
89    ->    89 | 1   | sqrt                      |  b 
90    ->    90 | 1   | sub                       |  6 
91    ->   100 | 10  | push <2>                  |  0  1  0  0  0  0  0  0  0 40 
101   ->   101 | 1   | div                       |  8 
102   ->   104 | 3   | push <rax>                |  0  2  0 
105   ->   105 | 1   | div                       |  8 
106   ->   108 | 3   | pop <rcx>                 |  1  2  2 
109   ->   109 | 1   | clear                     |  4 
110   ->   119 | 10  | push <-1>                 |  0  1  0  0  0  0  0  0 f0 bf 
120   ->   122 | 3   | push <rbx>                |  0  2  1 
123   ->   123 | 1   | mul                       |  7 
124   ->   126 | 3   | push <rdx>                |  0  2  3 
127   ->   127 | 1   | sqrt                      |  b 
128   ->   128 | 1   | add                       |  5 
129   ->   138 | 10  | push <2>                  |  0  1  0  0  0  0  0  0  0 40 
139   ->   139 | 1   | div                       |  8 
140   ->   142 | 3   | push <rax>                |  0  2  0 
143   ->   143 | 1   | div                       |  8 
144   ->   146 | 3   | pop <rax>                 |  1  2  0 
147   ->   156 | 10  | push <0>                  |  0  1  0  0  0  0  0  0  0  0 
157   ->   159 | 3   | push <rdx>                |  0  2  3 
160   ->   164 | 5   | ja <noSolutions>          | 14 3b  0  0  0 
165   ->   174 | 10  | push <0>                  |  0  1  0  0  0  0  0  0  0  0 
175   ->   177 | 3   | push <rdx>                |  0  2  3 
178   ->   182 | 5   | je <oneSolution>          | 12 1b  0  0  0 
183   ->   187 | 5   | jmp <twoSolutions>        |  f  5  0  0  0 
x     ->     x | 0   | twoSolutions:             | 
188   ->   197 | 10  | out <2>                   |  e  1  0  0  0  0  0  0  0 40 
198   ->   200 | 3   | out <rax>                 |  e  2  0 
201   ->   203 | 3   | out <rcx>                 |  e  2  2 
204   ->   204 | 1   | hlt                       |  d 
x     ->     x | 0   | oneSolution:              | 
205   ->   214 | 10  | out <1>                   |  e  1  0  0  0  0  0  0 f0 3f 
215   ->   217 | 3   | out <rax>                 |  e  2  0 
218   ->   218 | 1   | hlt                       |  d 
x     ->     x | 0   | noSolutions:              | 
219   ->   228 | 10  | out <0>                   |  e  1  0  0  0  0  0  0  0  0 
229   ->   229 | 1   | hlt                       |  d 
